{"/mnt/c/Users/Sarah/codefellows/401/401-lab-18/src/modules/app-server-client.js": {"path":"/mnt/c/Users/Sarah/codefellows/401/401-lab-18/src/modules/app-server-client.js","statementMap":{"0":{"start":{"line":5,"column":15},"end":{"line":5,"column":37}},"1":{"start":{"line":8,"column":15},"end":{"line":8,"column":50}},"2":{"start":{"line":10,"column":2},"end":{"line":13,"column":5}},"3":{"start":{"line":11,"column":4},"end":{"line":11,"column":31}},"4":{"start":{"line":12,"column":4},"end":{"line":12,"column":24}},"5":{"start":{"line":14,"column":2},"end":{"line":17,"column":5}},"6":{"start":{"line":15,"column":4},"end":{"line":15,"column":31}},"7":{"start":{"line":16,"column":4},"end":{"line":16,"column":24}},"8":{"start":{"line":18,"column":2},"end":{"line":23,"column":5}},"9":{"start":{"line":19,"column":4},"end":{"line":19,"column":33}},"10":{"start":{"line":20,"column":4},"end":{"line":20,"column":30}},"11":{"start":{"line":21,"column":4},"end":{"line":21,"column":24}},"12":{"start":{"line":22,"column":4},"end":{"line":22,"column":32}},"13":{"start":{"line":26,"column":0},"end":{"line":26,"column":33}}},"fnMap":{"0":{"name":"connectToServer","decl":{"start":{"line":7,"column":9},"end":{"line":7,"column":24}},"loc":{"start":{"line":7,"column":29},"end":{"line":24,"column":1}},"line":7},"1":{"name":"(anonymous_1)","decl":{"start":{"line":10,"column":26},"end":{"line":10,"column":27}},"loc":{"start":{"line":10,"column":36},"end":{"line":13,"column":3}},"line":10},"2":{"name":"(anonymous_2)","decl":{"start":{"line":14,"column":27},"end":{"line":14,"column":28}},"loc":{"start":{"line":14,"column":37},"end":{"line":17,"column":3}},"line":14},"3":{"name":"(anonymous_3)","decl":{"start":{"line":18,"column":26},"end":{"line":18,"column":27}},"loc":{"start":{"line":18,"column":36},"end":{"line":23,"column":3}},"line":18}},"branchMap":{},"s":{"0":1,"1":1,"2":1,"3":1,"4":1,"5":1,"6":0,"7":0,"8":1,"9":2,"10":2,"11":2,"12":2,"13":1},"f":{"0":1,"1":1,"2":0,"3":2},"b":{},"_coverageSchema":"43e27e138ebf9cfc5966b082cf9a028302ed4184","hash":"7d7507e55905260ce99c792041cf83ce1d7a8c63"}
,"/mnt/c/Users/Sarah/codefellows/401/401-lab-18/src/modules/events.js": {"path":"/mnt/c/Users/Sarah/codefellows/401/401-lab-18/src/modules/events.js","statementMap":{"0":{"start":{"line":3,"column":11},"end":{"line":3,"column":28}},"1":{"start":{"line":5,"column":15},"end":{"line":5,"column":23}},"2":{"start":{"line":27,"column":0},"end":{"line":27,"column":24}}},"fnMap":{},"branchMap":{},"s":{"0":1,"1":1,"2":1},"f":{},"b":{},"_coverageSchema":"43e27e138ebf9cfc5966b082cf9a028302ed4184","hash":"9b80855b327cc8c7214cd81986a6bbaa721f6812"}
,"/mnt/c/Users/Sarah/codefellows/401/401-lab-18/src/modules/read-file.js": {"path":"/mnt/c/Users/Sarah/codefellows/401/401-lab-18/src/modules/read-file.js","statementMap":{"0":{"start":{"line":3,"column":11},"end":{"line":3,"column":24}},"1":{"start":{"line":4,"column":15},"end":{"line":4,"column":34}},"2":{"start":{"line":5,"column":13},"end":{"line":5,"column":28}},"3":{"start":{"line":6,"column":24},"end":{"line":6,"column":51}},"4":{"start":{"line":9,"column":0},"end":{"line":9,"column":45}},"5":{"start":{"line":9,"column":26},"end":{"line":9,"column":43}},"6":{"start":{"line":18,"column":2},"end":{"line":23,"column":3}},"7":{"start":{"line":19,"column":17},"end":{"line":19,"column":44}},"8":{"start":{"line":20,"column":4},"end":{"line":20,"column":35}},"9":{"start":{"line":22,"column":4},"end":{"line":22,"column":37}},"10":{"start":{"line":26,"column":0},"end":{"line":26,"column":29}}},"fnMap":{"0":{"name":"(anonymous_0)","decl":{"start":{"line":9,"column":18},"end":{"line":9,"column":19}},"loc":{"start":{"line":9,"column":26},"end":{"line":9,"column":43}},"line":9},"1":{"name":"readTheFile","decl":{"start":{"line":17,"column":15},"end":{"line":17,"column":26}},"loc":{"start":{"line":17,"column":33},"end":{"line":24,"column":1}},"line":17}},"branchMap":{},"s":{"0":1,"1":1,"2":1,"3":1,"4":1,"5":1,"6":1,"7":1,"8":1,"9":0,"10":1},"f":{"0":1,"1":1},"b":{},"_coverageSchema":"43e27e138ebf9cfc5966b082cf9a028302ed4184","hash":"944382202645cd64027c670f810b9ecc3d7792ea"}
,"/mnt/c/Users/Sarah/codefellows/401/401-lab-18/src/modules/uppercase.js": {"path":"/mnt/c/Users/Sarah/codefellows/401/401-lab-18/src/modules/uppercase.js","statementMap":{"0":{"start":{"line":3,"column":15},"end":{"line":3,"column":34}},"1":{"start":{"line":5,"column":0},"end":{"line":5,"column":54}},"2":{"start":{"line":5,"column":31},"end":{"line":5,"column":52}},"3":{"start":{"line":13,"column":13},"end":{"line":13,"column":42}},"4":{"start":{"line":14,"column":2},"end":{"line":14,"column":38}},"5":{"start":{"line":18,"column":0},"end":{"line":18,"column":33}}},"fnMap":{"0":{"name":"(anonymous_0)","decl":{"start":{"line":5,"column":23},"end":{"line":5,"column":24}},"loc":{"start":{"line":5,"column":31},"end":{"line":5,"column":52}},"line":5},"1":{"name":"handleUpperCase","decl":{"start":{"line":12,"column":9},"end":{"line":12,"column":24}},"loc":{"start":{"line":12,"column":31},"end":{"line":15,"column":1}},"line":12}},"branchMap":{},"s":{"0":1,"1":1,"2":1,"3":1,"4":1,"5":1},"f":{"0":1,"1":1},"b":{},"_coverageSchema":"43e27e138ebf9cfc5966b082cf9a028302ed4184","hash":"eacd9d01b72a4543dced7686d7353b406e6e0c6b"}
,"/mnt/c/Users/Sarah/codefellows/401/401-lab-18/src/modules/write-file.js": {"path":"/mnt/c/Users/Sarah/codefellows/401/401-lab-18/src/modules/write-file.js","statementMap":{"0":{"start":{"line":3,"column":11},"end":{"line":3,"column":24}},"1":{"start":{"line":4,"column":13},"end":{"line":4,"column":28}},"2":{"start":{"line":5,"column":25},"end":{"line":5,"column":53}},"3":{"start":{"line":6,"column":15},"end":{"line":6,"column":34}},"4":{"start":{"line":8,"column":0},"end":{"line":8,"column":47}},"5":{"start":{"line":8,"column":27},"end":{"line":8,"column":45}},"6":{"start":{"line":10,"column":11},"end":{"line":10,"column":40}},"7":{"start":{"line":19,"column":2},"end":{"line":24,"column":3}},"8":{"start":{"line":20,"column":4},"end":{"line":20,"column":53}},"9":{"start":{"line":21,"column":4},"end":{"line":21,"column":36}},"10":{"start":{"line":23,"column":4},"end":{"line":23,"column":38}},"11":{"start":{"line":27,"column":0},"end":{"line":27,"column":30}}},"fnMap":{"0":{"name":"(anonymous_0)","decl":{"start":{"line":8,"column":19},"end":{"line":8,"column":20}},"loc":{"start":{"line":8,"column":27},"end":{"line":8,"column":45}},"line":8},"1":{"name":"handleUpdate","decl":{"start":{"line":18,"column":15},"end":{"line":18,"column":27}},"loc":{"start":{"line":18,"column":34},"end":{"line":25,"column":1}},"line":18}},"branchMap":{},"s":{"0":1,"1":1,"2":1,"3":1,"4":1,"5":1,"6":1,"7":1,"8":1,"9":1,"10":0,"11":1},"f":{"0":1,"1":1},"b":{},"_coverageSchema":"43e27e138ebf9cfc5966b082cf9a028302ed4184","hash":"10b787d8c850c4e45ef0f41edee3432cbbc7de0b"}
}
